\BOOKMARK [1][-]{section.1}{\376\377\000I\000n\000f\000o\000r\000m\000a\000t\000i\000o\000n}{}% 1
\BOOKMARK [2][-]{subsection.1.1}{\376\377\000S\000t\000u\000d\000e\000n\000t\000\040\000I\000n\000f\000o\000r\000m\000a\000t\000i\000o\000n}{section.1}% 2
\BOOKMARK [1][-]{section.2}{\376\377\000A\000b\000s\000t\000r\000a\000c\000t}{}% 3
\BOOKMARK [1][-]{section.3}{\376\377\000s\000o\000u\000r\000c\000e\000\040\000v\000i\000d\000e\000o}{}% 4
\BOOKMARK [1][-]{section.4}{\376\377\000C\000o\000m\000p\000l\000e\000t\000i\000o\000n\000\040\000L\000e\000v\000e\000l\000\040\000o\000f\000\040\000E\000a\000c\000h\000\040\000R\000e\000q\000u\000i\000r\000e\000m\000e\000n\000t}{}% 5
\BOOKMARK [2][-]{subsection.4.1}{\376\377\000S\000e\000l\000f\000\040\000A\000s\000s\000e\000s\000s\000m\000e\000n\000t}{section.4}% 6
\BOOKMARK [3][-]{subsubsection.4.1.1}{\376\377\000I\000m\000p\000l\000e\000m\000e\000n\000t\000a\000t\000i\000o\000n\000\040\000o\000f\000\040\0005\000\040\000c\000o\000r\000e\000\040\000a\000l\000g\000o\000r\000i\000t\000h\000m\000s}{subsection.4.1}% 7
\BOOKMARK [3][-]{subsubsection.4.1.2}{\376\377\000I\000m\000p\000l\000e\000m\000e\000n\000t\000a\000t\000i\000o\000n\000\040\000o\000f\000\040\000a\000d\000d\000i\000t\000i\000o\000n\000a\000l\000\040\000a\000l\000g\000o\000r\000i\000t\000h\000m\000s}{subsection.4.1}% 8
\BOOKMARK [2][-]{subsection.4.2}{\376\377\0005\000\040\000t\000e\000s\000t\000\040\000c\000a\000s\000e\000s\000\040\000f\000o\000r\000\040\000e\000a\000c\000h\000\040\000a\000l\000g\000o\000r\000i\000t\000h\000m}{section.4}% 9
\BOOKMARK [3][-]{subsubsection.4.2.1}{\376\377\000t\000e\000s\000t\000\040\000c\000a\000s\000e\000\040\0001}{subsection.4.2}% 10
\BOOKMARK [3][-]{subsubsection.4.2.2}{\376\377\000t\000e\000s\000t\000\040\000c\000a\000s\000e\000\040\0002}{subsection.4.2}% 11
\BOOKMARK [3][-]{subsubsection.4.2.3}{\376\377\000t\000e\000s\000t\000\040\000c\000a\000s\000e\000\040\0003}{subsection.4.2}% 12
\BOOKMARK [3][-]{subsubsection.4.2.4}{\376\377\000t\000e\000s\000t\000\040\000c\000a\000s\000e\000\040\0004}{subsection.4.2}% 13
\BOOKMARK [3][-]{subsubsection.4.2.5}{\376\377\000t\000e\000s\000t\000\040\000c\000a\000s\000e\000\040\0005}{subsection.4.2}% 14
\BOOKMARK [1][-]{section.5}{\376\377\000B\000a\000s\000i\000c\000\040\000T\000h\000e\000o\000r\000i\000e\000s}{}% 15
\BOOKMARK [2][-]{subsection.5.1}{\376\377\000B\000r\000e\000a\000d\000t\000h\000\040\000F\000i\000r\000s\000t\000\040\000S\000e\000a\000r\000c\000h\000\040\000\050\000B\000F\000S\000\051\000\040\000A\000l\000g\000o\000r\000i\000t\000h\000m\000\040}{section.5}% 16
\BOOKMARK [2][-]{subsection.5.2}{\376\377\000D\000e\000p\000t\000h\000\040\000F\000i\000r\000s\000t\000\040\000S\000e\000a\000r\000c\000h\000\040\000\050\000D\000F\000S\000\051\000\040\000A\000l\000g\000o\000r\000i\000t\000h\000m\000\040}{section.5}% 17
\BOOKMARK [2][-]{subsection.5.3}{\376\377\000U\000n\000i\000f\000o\000r\000m\000-\000C\000o\000s\000t\000\040\000S\000e\000a\000r\000c\000h\000\040\000\050\000U\000C\000S\000\051}{section.5}% 18
\BOOKMARK [2][-]{subsection.5.4}{\376\377\000G\000r\000e\000e\000d\000y\000\040\000B\000e\000s\000t\000\040\000F\000i\000r\000s\000t\000\040\000S\000e\000a\000r\000c\000h\000\040\000\050\000G\000B\000F\000S\000\051\000\040\000A\000l\000g\000o\000r\000i\000t\000h\000m\000\040}{section.5}% 19
\BOOKMARK [3][-]{subsubsection.5.4.1}{\376\377\000H\000e\000u\000r\000i\000s\000t\000i\000c\000\040\000f\000u\000n\000c\000t\000i\000o\000n\000\040\000n\000o\000t\000e}{subsection.5.4}% 20
\BOOKMARK [2][-]{subsection.5.5}{\376\377\000A\000*\000\040\000S\000e\000a\000r\000c\000h\000\040\000A\000l\000g\000o\000r\000i\000t\000h\000m}{section.5}% 21
\BOOKMARK [3][-]{subsubsection.5.5.1}{\376\377\000H\000e\000u\000r\000i\000s\000t\000i\000c\000\040\000f\000u\000n\000c\000t\000i\000o\000n\000\040\000n\000o\000t\000e}{subsection.5.5}% 22
\BOOKMARK [2][-]{subsection.5.6}{\376\377\000I\000t\000e\000r\000a\000t\000i\000v\000e\000\040\000D\000e\000e\000p\000e\000n\000i\000n\000g\000\040\000S\000e\000a\000r\000c\000h\000\040\000\050\000I\000D\000S\000\051\000\040\000A\000l\000g\000o\000r\000i\000t\000h\000m}{section.5}% 23
\BOOKMARK [1][-]{section.6}{\376\377\000C\000o\000m\000p\000a\000r\000i\000s\000o\000n\000\040\000o\000f\000\040\000U\000C\000S\000\040\000a\000n\000d\000\040\000A\000*\000\040\000A\000l\000g\000o\000r\000i\000t\000h\000m\000s}{}% 24
\BOOKMARK [1][-]{section.7}{\376\377\000R\000e\000f\000e\000r\000e\000n\000c\000e}{}% 25
\BOOKMARK [1][-]{section.8}{\376\377\000C\000o\000l\000l\000a\000b\000o\000r\000a\000t\000o\000r\000s}{}% 26
